2024-03-20 00:00:06.090 [main] INFO  c.m.c.CountriesParametersApplication - Starting CountriesParametersApplication using Java 21.0.2 with PID 91902 (/Users/vanyamanko/Documents/countries-parameters/target/classes started by vanyamanko in /Users/vanyamanko/Documents/countries-parameters)
2024-03-20 00:00:06.092 [main] INFO  c.m.c.CountriesParametersApplication - No active profile set, falling back to 1 default profile: "default"
2024-03-20 00:00:06.816 [main] INFO  o.s.d.r.c.RepositoryConfigurationDelegate - Bootstrapping Spring Data JPA repositories in DEFAULT mode.
2024-03-20 00:00:06.922 [main] INFO  o.s.d.r.c.RepositoryConfigurationDelegate - Finished Spring Data repository scanning in 97 ms. Found 3 JPA repository interfaces.
2024-03-20 00:00:07.290 [main] INFO  o.s.b.w.e.tomcat.TomcatWebServer - Tomcat initialized with port 8080 (http)
2024-03-20 00:00:07.307 [main] INFO  o.a.coyote.http11.Http11NioProtocol - Initializing ProtocolHandler ["http-nio-8080"]
2024-03-20 00:00:07.311 [main] INFO  o.a.catalina.core.StandardService - Starting service [Tomcat]
2024-03-20 00:00:07.311 [main] INFO  o.a.catalina.core.StandardEngine - Starting Servlet engine: [Apache Tomcat/10.1.18]
2024-03-20 00:00:07.354 [main] INFO  o.a.c.c.C.[Tomcat].[localhost].[/] - Initializing Spring embedded WebApplicationContext
2024-03-20 00:00:07.355 [main] INFO  o.s.b.w.s.c.ServletWebServerApplicationContext - Root WebApplicationContext: initialization completed in 1210 ms
2024-03-20 00:00:07.465 [main] INFO  o.h.jpa.internal.util.LogHelper - HHH000204: Processing PersistenceUnitInfo [name: default]
2024-03-20 00:00:07.503 [main] INFO  org.hibernate.Version - HHH000412: Hibernate ORM core version 6.4.1.Final
2024-03-20 00:00:07.523 [main] INFO  o.h.c.i.RegionFactoryInitiator - HHH000026: Second-level cache disabled
2024-03-20 00:00:07.679 [main] INFO  o.s.o.j.p.SpringPersistenceUnitInfo - No LoadTimeWeaver setup: ignoring JPA class transformer
2024-03-20 00:00:07.697 [main] INFO  com.zaxxer.hikari.HikariDataSource - HikariPool-1 - Starting...
2024-03-20 00:00:07.792 [main] INFO  com.zaxxer.hikari.pool.HikariPool - HikariPool-1 - Added connection org.postgresql.jdbc.PgConnection@4948daec
2024-03-20 00:00:07.792 [main] INFO  com.zaxxer.hikari.HikariDataSource - HikariPool-1 - Start completed.
2024-03-20 00:00:07.831 [main] WARN  org.hibernate.orm.deprecation - HHH90000025: PostgreSQLDialect does not need to be specified explicitly using 'hibernate.dialect' (remove the property setting and it will be selected by default)
2024-03-20 00:00:08.447 [main] INFO  o.h.e.t.j.p.i.JtaPlatformInitiator - HHH000489: No JTA platform available (set 'hibernate.transaction.jta.platform' to enable JTA platform integration)
2024-03-20 00:00:08.537 [main] INFO  o.s.o.j.LocalContainerEntityManagerFactoryBean - Initialized JPA EntityManagerFactory for persistence unit 'default'
2024-03-20 00:00:08.714 [main] INFO  o.s.d.j.r.query.QueryEnhancerFactory - Hibernate is in classpath; If applicable, HQL parser will be used.
2024-03-20 00:00:09.267 [main] WARN  o.s.b.a.o.j.JpaBaseConfiguration$JpaWebConfiguration - spring.jpa.open-in-view is enabled by default. Therefore, database queries may be performed during view rendering. Explicitly configure spring.jpa.open-in-view to disable this warning
2024-03-20 00:00:09.592 [main] INFO  o.a.coyote.http11.Http11NioProtocol - Starting ProtocolHandler ["http-nio-8080"]
2024-03-20 00:00:09.603 [main] INFO  o.s.b.w.e.tomcat.TomcatWebServer - Tomcat started on port 8080 (http) with context path ''
2024-03-20 00:00:09.612 [main] INFO  c.m.c.CountriesParametersApplication - Started CountriesParametersApplication in 3.903 seconds (process running for 4.356)
2024-03-20 00:11:38.139 [HikariPool-1 housekeeper] WARN  com.zaxxer.hikari.pool.HikariPool - HikariPool-1 - Thread starvation or clock leap detected (housekeeper delta=1m30s167ms).
2024-03-20 00:12:02.199 [http-nio-8080-exec-1] INFO  o.a.c.c.C.[Tomcat].[localhost].[/] - Initializing Spring DispatcherServlet 'dispatcherServlet'
2024-03-20 00:12:02.199 [http-nio-8080-exec-1] INFO  o.s.web.servlet.DispatcherServlet - Initializing Servlet 'dispatcherServlet'
2024-03-20 00:12:02.201 [http-nio-8080-exec-1] INFO  o.s.web.servlet.DispatcherServlet - Completed initialization in 2 ms
2024-03-20 00:12:24.995 [http-nio-8080-exec-6] ERROR c.m.c.exceptions.ExceptionsHandler - error, 405 code
2024-03-20 00:13:01.914 [http-nio-8080-exec-7] ERROR c.m.c.exceptions.ExceptionsHandler - error, 405 code
2024-03-20 00:13:23.221 [http-nio-8080-exec-8] ERROR c.m.c.exceptions.ExceptionsHandler - error, 405 code
2024-03-20 00:13:24.525 [http-nio-8080-exec-9] ERROR c.m.c.exceptions.ExceptionsHandler - error, 405 code
2024-03-20 00:13:28.380 [http-nio-8080-exec-10] ERROR c.m.c.exceptions.ExceptionsHandler - error, 405 code
2024-03-20 00:13:29.169 [http-nio-8080-exec-2] ERROR c.m.c.exceptions.ExceptionsHandler - error, 405 code
2024-03-20 00:13:29.523 [http-nio-8080-exec-1] ERROR c.m.c.exceptions.ExceptionsHandler - error, 405 code
2024-03-20 00:13:29.873 [http-nio-8080-exec-3] ERROR c.m.c.exceptions.ExceptionsHandler - error, 405 code
2024-03-20 00:13:30.205 [http-nio-8080-exec-4] ERROR c.m.c.exceptions.ExceptionsHandler - error, 405 code
2024-03-20 00:13:30.521 [http-nio-8080-exec-5] ERROR c.m.c.exceptions.ExceptionsHandler - error, 405 code
2024-03-20 00:13:32.125 [http-nio-8080-exec-6] ERROR c.m.c.exceptions.ExceptionsHandler - error, 405 code
2024-03-20 00:14:04.154 [http-nio-8080-exec-7] ERROR c.m.c.exceptions.ExceptionsHandler - error, 405 code
2024-03-20 00:14:04.766 [http-nio-8080-exec-8] ERROR c.m.c.exceptions.ExceptionsHandler - error, 405 code
2024-03-20 00:14:05.066 [http-nio-8080-exec-9] ERROR c.m.c.exceptions.ExceptionsHandler - error, 405 code
2024-03-20 00:14:05.447 [http-nio-8080-exec-10] ERROR c.m.c.exceptions.ExceptionsHandler - error, 405 code
2024-03-20 00:14:05.790 [http-nio-8080-exec-2] ERROR c.m.c.exceptions.ExceptionsHandler - error, 405 code
2024-03-20 00:14:06.149 [http-nio-8080-exec-1] ERROR c.m.c.exceptions.ExceptionsHandler - error, 405 code
2024-03-20 00:14:57.693 [SpringApplicationShutdownHook] INFO  o.s.o.j.LocalContainerEntityManagerFactoryBean - Closing JPA EntityManagerFactory for persistence unit 'default'
2024-03-20 00:14:57.697 [SpringApplicationShutdownHook] INFO  com.zaxxer.hikari.HikariDataSource - HikariPool-1 - Shutdown initiated...
2024-03-20 00:14:57.700 [SpringApplicationShutdownHook] INFO  com.zaxxer.hikari.HikariDataSource - HikariPool-1 - Shutdown completed.
2024-03-20 00:15:01.265 [main] INFO  c.m.c.CountriesParametersApplication - Starting CountriesParametersApplication using Java 21.0.2 with PID 92243 (/Users/vanyamanko/Documents/countries-parameters/target/classes started by vanyamanko in /Users/vanyamanko/Documents/countries-parameters)
2024-03-20 00:15:01.266 [main] INFO  c.m.c.CountriesParametersApplication - No active profile set, falling back to 1 default profile: "default"
2024-03-20 00:15:01.959 [main] INFO  o.s.d.r.c.RepositoryConfigurationDelegate - Bootstrapping Spring Data JPA repositories in DEFAULT mode.
2024-03-20 00:15:02.064 [main] INFO  o.s.d.r.c.RepositoryConfigurationDelegate - Finished Spring Data repository scanning in 98 ms. Found 3 JPA repository interfaces.
2024-03-20 00:15:02.452 [main] INFO  o.s.b.w.e.tomcat.TomcatWebServer - Tomcat initialized with port 8080 (http)
2024-03-20 00:15:02.459 [main] INFO  o.a.coyote.http11.Http11NioProtocol - Initializing ProtocolHandler ["http-nio-8080"]
2024-03-20 00:15:02.461 [main] INFO  o.a.catalina.core.StandardService - Starting service [Tomcat]
2024-03-20 00:15:02.461 [main] INFO  o.a.catalina.core.StandardEngine - Starting Servlet engine: [Apache Tomcat/10.1.18]
2024-03-20 00:15:02.502 [main] INFO  o.a.c.c.C.[Tomcat].[localhost].[/] - Initializing Spring embedded WebApplicationContext
2024-03-20 00:15:02.503 [main] INFO  o.s.b.w.s.c.ServletWebServerApplicationContext - Root WebApplicationContext: initialization completed in 1192 ms
2024-03-20 00:15:02.611 [main] INFO  o.h.jpa.internal.util.LogHelper - HHH000204: Processing PersistenceUnitInfo [name: default]
2024-03-20 00:15:02.650 [main] INFO  org.hibernate.Version - HHH000412: Hibernate ORM core version 6.4.1.Final
2024-03-20 00:15:02.670 [main] INFO  o.h.c.i.RegionFactoryInitiator - HHH000026: Second-level cache disabled
2024-03-20 00:15:02.824 [main] INFO  o.s.o.j.p.SpringPersistenceUnitInfo - No LoadTimeWeaver setup: ignoring JPA class transformer
2024-03-20 00:15:02.842 [main] INFO  com.zaxxer.hikari.HikariDataSource - HikariPool-1 - Starting...
2024-03-20 00:15:02.930 [main] INFO  com.zaxxer.hikari.pool.HikariPool - HikariPool-1 - Added connection org.postgresql.jdbc.PgConnection@577f9dfd
2024-03-20 00:15:02.931 [main] INFO  com.zaxxer.hikari.HikariDataSource - HikariPool-1 - Start completed.
2024-03-20 00:15:02.960 [main] WARN  org.hibernate.orm.deprecation - HHH90000025: PostgreSQLDialect does not need to be specified explicitly using 'hibernate.dialect' (remove the property setting and it will be selected by default)
2024-03-20 00:15:03.649 [main] INFO  o.h.e.t.j.p.i.JtaPlatformInitiator - HHH000489: No JTA platform available (set 'hibernate.transaction.jta.platform' to enable JTA platform integration)
2024-03-20 00:15:03.748 [main] INFO  o.s.o.j.LocalContainerEntityManagerFactoryBean - Initialized JPA EntityManagerFactory for persistence unit 'default'
2024-03-20 00:15:03.970 [main] INFO  o.s.d.j.r.query.QueryEnhancerFactory - Hibernate is in classpath; If applicable, HQL parser will be used.
2024-03-20 00:15:04.679 [main] WARN  o.s.b.a.o.j.JpaBaseConfiguration$JpaWebConfiguration - spring.jpa.open-in-view is enabled by default. Therefore, database queries may be performed during view rendering. Explicitly configure spring.jpa.open-in-view to disable this warning
2024-03-20 00:15:05.035 [main] INFO  o.a.coyote.http11.Http11NioProtocol - Starting ProtocolHandler ["http-nio-8080"]
2024-03-20 00:15:05.049 [main] INFO  o.s.b.w.e.tomcat.TomcatWebServer - Tomcat started on port 8080 (http) with context path ''
2024-03-20 00:15:05.060 [main] INFO  c.m.c.CountriesParametersApplication - Started CountriesParametersApplication in 4.098 seconds (process running for 4.659)
2024-03-20 00:15:05.102 [http-nio-8080-exec-2] INFO  o.a.c.c.C.[Tomcat].[localhost].[/] - Initializing Spring DispatcherServlet 'dispatcherServlet'
2024-03-20 00:15:05.102 [http-nio-8080-exec-2] INFO  o.s.web.servlet.DispatcherServlet - Initializing Servlet 'dispatcherServlet'
2024-03-20 00:15:05.103 [http-nio-8080-exec-2] INFO  o.s.web.servlet.DispatcherServlet - Completed initialization in 1 ms
2024-03-20 00:15:05.171 [http-nio-8080-exec-2] ERROR c.m.c.exceptions.ExceptionsHandler - error, 400 code
2024-03-20 00:15:07.632 [http-nio-8080-exec-4] ERROR c.m.c.exceptions.ExceptionsHandler - error, 400 code
2024-03-20 00:16:31.252 [http-nio-8080-exec-1] ERROR c.m.c.exceptions.ExceptionsHandler - error, 500 code
2024-03-20 00:16:39.150 [http-nio-8080-exec-3] ERROR c.m.c.exceptions.ExceptionsHandler - error, 500 code
2024-03-20 00:18:37.642 [http-nio-8080-exec-1] ERROR c.m.c.exceptions.ExceptionsHandler - error, 500 code
